2021-08-31 20:28:37,883:INFO:PyCaret Supervised Module
2021-08-31 20:28:37,891:INFO:ML Usecase: classification
2021-08-31 20:28:37,891:INFO:version 2.3.3
2021-08-31 20:28:37,891:INFO:Initializing setup()
2021-08-31 20:28:37,891:INFO:setup(target=y, ml_usecase=classification, available_plots={'parameter': 'Hyperparameters', 'auc': 'AUC', 'confusion_matrix': 'Confusion Matrix', 'threshold': 'Threshold', 'pr': 'Precision Recall', 'error': 'Prediction Error', 'class_report': 'Class Report', 'rfe': 'Feature Selection', 'learning': 'Learning Curve', 'manifold': 'Manifold Learning', 'calibration': 'Calibration Curve', 'vc': 'Validation Curve', 'dimension': 'Dimensions', 'feature': 'Feature Importance', 'feature_all': 'Feature Importance (All)', 'boundary': 'Decision Boundary', 'lift': 'Lift Chart', 'gain': 'Gain Chart', 'tree': 'Decision Tree', 'ks': 'KS Statistic Plot'}, train_size=0.7, test_data=None, preprocess=True, imputation_type=simple, iterative_imputation_iters=5, categorical_features=None, categorical_imputation=constant, categorical_iterative_imputer=lightgbm, ordinal_features=None, high_cardinality_features=None, high_cardinality_method=frequency, numeric_features=None, numeric_imputation=mean, numeric_iterative_imputer=lightgbm, date_features=None, ignore_features=None, normalize=False, normalize_method=zscore, transformation=False, transformation_method=yeo-johnson, handle_unknown_categorical=True, unknown_categorical_method=least_frequent, pca=False, pca_method=linear, pca_components=None, ignore_low_variance=False, combine_rare_levels=False, rare_level_threshold=0.1, bin_numeric_features=None, remove_outliers=False, outliers_threshold=0.05, remove_multicollinearity=False, multicollinearity_threshold=0.9, remove_perfect_collinearity=True, create_clusters=False, cluster_iter=20, polynomial_features=False, polynomial_degree=2, trigonometry_features=False, polynomial_threshold=0.1, group_features=None, group_names=None, feature_selection=False, feature_selection_threshold=0.8, feature_selection_method=classic, feature_interaction=False, feature_ratio=False, interaction_threshold=0.01, fix_imbalance=False, fix_imbalance_method=None, transform_target=False, transform_target_method=box-cox, data_split_shuffle=True, data_split_stratify=False, fold_strategy=stratifiedkfold, fold=10, fold_shuffle=False, fold_groups=None, n_jobs=-1, use_gpu=False, custom_pipeline=None, html=True, session_id=None, log_experiment=False, experiment_name=None, log_plots=False, log_profile=False, log_data=False, silent=False, verbose=True, profile=False, profile_kwargs=None, display=None)
2021-08-31 20:28:37,891:INFO:Checking environment
2021-08-31 20:28:37,891:INFO:python_version: 3.8.5
2021-08-31 20:28:37,891:INFO:python_build: ('default', 'Sep  3 2020 21:29:08')
2021-08-31 20:28:37,891:INFO:machine: AMD64
2021-08-31 20:28:37,891:INFO:platform: Windows-8.1-6.3.9600-SP0
2021-08-31 20:28:37,891:INFO:Memory: svmem(total=12803395584, available=4755640320, percent=62.9, used=8047755264, free=4755640320)
2021-08-31 20:28:37,891:INFO:Physical Core: 2
2021-08-31 20:28:37,891:INFO:Logical Core: 4
2021-08-31 20:28:37,899:INFO:Checking libraries
2021-08-31 20:28:37,899:INFO:pd==1.1.3
2021-08-31 20:28:37,899:INFO:numpy==1.19.5
2021-08-31 20:28:37,899:INFO:sklearn==0.23.2
2021-08-31 20:28:37,899:INFO:lightgbm==3.2.1
2021-08-31 20:28:39,508:INFO:catboost==0.26.1
2021-08-31 20:28:39,508:INFO:xgboost==1.4.2
2021-08-31 20:28:42,891:INFO:mlflow==1.19.0
2021-08-31 20:28:42,891:INFO:Checking Exceptions
2021-08-31 20:28:42,891:INFO:Declaring global variables
2021-08-31 20:28:42,891:INFO:USI: b5ea
2021-08-31 20:28:42,891:INFO:pycaret_globals: {'_gpu_n_jobs_param', 'fix_imbalance_param', 'display_container', '_available_plots', '_internal_pipeline', 'prep_pipe', 'X_test', 'exp_name_log', 'create_model_container', 'seed', 'USI', 'experiment__', 'logging_param', 'log_plots_param', 'pycaret_globals', 'imputation_regressor', '_ml_usecase', 'y', 'transform_target_param', 'X', 'fold_groups_param_full', 'gpu_param', 'n_jobs_param', 'html_param', 'data_before_preprocess', 'master_model_container', 'fold_generator', 'X_train', 'stratify_param', 'fold_shuffle_param', 'fix_imbalance_method_param', 'y_train', 'transform_target_method_param', 'y_test', 'fold_groups_param', 'fold_param', 'target_param', '_all_metrics', 'iterative_imputation_iters_param', '_all_models_internal', '_all_models', 'imputation_classifier'}
2021-08-31 20:28:42,891:INFO:Preparing display monitor
2021-08-31 20:28:42,891:INFO:Preparing display monitor
2021-08-31 20:28:42,953:INFO:Importing libraries
2021-08-31 20:28:42,953:INFO:Copying data for preprocessing
2021-08-31 20:28:42,984:INFO:Declaring preprocessing parameters
2021-08-31 20:28:43,010:INFO:Creating preprocessing pipeline
2021-08-31 20:28:43,153:INFO:Preprocessing pipeline created successfully
2021-08-31 20:28:43,153:ERROR:(Process Exit): setup has been interupted with user command 'quit'. setup must rerun.
2021-08-31 20:28:43,153:INFO:Creating global containers
2021-08-31 20:28:43,185:INFO:Internal pipeline: Pipeline(memory=None, steps=[('empty_step', 'passthrough')], verbose=False)
2021-08-31 20:28:59,389:INFO:Creating grid variables
2021-08-31 20:28:59,465:INFO:create_model_container: 0
2021-08-31 20:28:59,465:INFO:master_model_container: 0
2021-08-31 20:28:59,465:INFO:display_container: 1
2021-08-31 20:28:59,481:INFO:Pipeline(memory=None,
         steps=[('dtypes',
                 DataTypes_Auto_infer(categorical_features=[],
                                      display_types=True, features_todrop=[],
                                      id_columns=[],
                                      ml_usecase='classification',
                                      numerical_features=[], target='y',
                                      time_features=[])),
                ('imputer',
                 Simple_Imputer(categorical_strategy='not_available',
                                fill_value_categorical=None,
                                fill_value_numerical=None,
                                numeric_strategy='...
                ('scaling', 'passthrough'), ('P_transform', 'passthrough'),
                ('binn', 'passthrough'), ('rem_outliers', 'passthrough'),
                ('cluster_all', 'passthrough'), ('dummy', Dummify(target='y')),
                ('fix_perfect', Remove_100(target='y')),
                ('clean_names', Clean_Colum_Names()),
                ('feature_select', 'passthrough'), ('fix_multi', 'passthrough'),
                ('dfs', 'passthrough'), ('pca', 'passthrough')],
         verbose=False)
2021-08-31 20:28:59,481:INFO:setup() succesfully completed......................................
2021-08-31 20:29:32,470:INFO:Initializing compare_models()
2021-08-31 20:29:32,470:INFO:compare_models(include=None, fold=None, round=4, cross_validation=True, sort=f1, n_select=1, budget_time=None, turbo=True, errors=ignore, fit_kwargs=None, groups=None, verbose=True, display=None, exclude=None)
2021-08-31 20:29:32,470:INFO:Checking exceptions
2021-08-31 20:29:32,478:INFO:Preparing display monitor
2021-08-31 20:29:32,478:INFO:Preparing display monitor
2021-08-31 20:29:32,566:INFO:Initializing Logistic Regression
2021-08-31 20:29:32,566:INFO:Total runtime is 0.0 minutes
2021-08-31 20:29:32,590:INFO:SubProcess create_model() called ==================================
2021-08-31 20:29:32,590:INFO:Initializing create_model()
2021-08-31 20:29:32,590:INFO:create_model(estimator=lr, fold=StratifiedKFold(n_splits=10, random_state=None, shuffle=False), round=4, cross_validation=True, predict=True, fit_kwargs={}, groups=None, refit=False, verbose=False, system=False, metrics=None, display=<pycaret.internal.Display.Display object at 0x0000001852A61B20>, kwargs={})
2021-08-31 20:29:32,598:INFO:Checking exceptions
2021-08-31 20:29:32,598:INFO:Importing libraries
2021-08-31 20:29:32,598:INFO:Copying training dataset
2021-08-31 20:29:32,598:INFO:Defining folds
2021-08-31 20:29:32,598:INFO:Declaring metric variables
2021-08-31 20:29:32,614:INFO:Importing untrained model
2021-08-31 20:29:32,630:INFO:Logistic Regression Imported succesfully
2021-08-31 20:29:32,654:INFO:Starting cross validation
2021-08-31 20:29:32,654:INFO:Cross validating with StratifiedKFold(n_splits=10, random_state=None, shuffle=False), n_jobs=-1
2021-08-31 20:30:06,008:INFO:Calculating mean and std
2021-08-31 20:30:06,008:INFO:Creating metrics dataframe
2021-08-31 20:30:06,042:INFO:Uploading results into container
2021-08-31 20:30:06,042:INFO:Uploading model into container now
2021-08-31 20:30:06,042:INFO:create_model_container: 1
2021-08-31 20:30:06,042:INFO:master_model_container: 1
2021-08-31 20:30:06,042:INFO:display_container: 2
2021-08-31 20:30:06,042:INFO:LogisticRegression(C=1.0, class_weight=None, dual=False, fit_intercept=True,
                   intercept_scaling=1, l1_ratio=None, max_iter=1000,
                   multi_class='auto', n_jobs=None, penalty='l2',
                   random_state=8427, solver='lbfgs', tol=0.0001, verbose=0,
                   warm_start=False)
2021-08-31 20:30:06,050:INFO:create_model() succesfully completed......................................
2021-08-31 20:30:06,194:INFO:SubProcess create_model() end ==================================
2021-08-31 20:30:06,194:INFO:Creating metrics dataframe
2021-08-31 20:30:06,225:INFO:Initializing K Neighbors Classifier
2021-08-31 20:30:06,225:INFO:Total runtime is 0.5609718720118205 minutes
2021-08-31 20:30:06,250:INFO:SubProcess create_model() called ==================================
2021-08-31 20:30:06,250:INFO:Initializing create_model()
2021-08-31 20:30:06,250:INFO:create_model(estimator=knn, fold=StratifiedKFold(n_splits=10, random_state=None, shuffle=False), round=4, cross_validation=True, predict=True, fit_kwargs={}, groups=None, refit=False, verbose=False, system=False, metrics=None, display=<pycaret.internal.Display.Display object at 0x0000001852A61B20>, kwargs={})
2021-08-31 20:30:06,250:INFO:Checking exceptions
2021-08-31 20:30:06,250:INFO:Importing libraries
2021-08-31 20:30:06,250:INFO:Copying training dataset
2021-08-31 20:30:06,250:INFO:Defining folds
2021-08-31 20:30:06,258:INFO:Declaring metric variables
2021-08-31 20:30:06,266:INFO:Importing untrained model
2021-08-31 20:30:06,282:INFO:K Neighbors Classifier Imported succesfully
2021-08-31 20:30:06,314:INFO:Starting cross validation
2021-08-31 20:30:06,314:INFO:Cross validating with StratifiedKFold(n_splits=10, random_state=None, shuffle=False), n_jobs=-1
2021-08-31 20:30:14,604:INFO:Calculating mean and std
2021-08-31 20:30:14,604:INFO:Creating metrics dataframe
2021-08-31 20:30:14,620:INFO:Uploading results into container
2021-08-31 20:30:14,620:INFO:Uploading model into container now
2021-08-31 20:30:14,620:INFO:create_model_container: 2
2021-08-31 20:30:14,620:INFO:master_model_container: 2
2021-08-31 20:30:14,620:INFO:display_container: 2
2021-08-31 20:30:14,620:INFO:KNeighborsClassifier(algorithm='auto', leaf_size=30, metric='minkowski',
                     metric_params=None, n_jobs=-1, n_neighbors=5, p=2,
                     weights='uniform')
2021-08-31 20:30:14,620:INFO:create_model() succesfully completed......................................
2021-08-31 20:30:14,760:INFO:SubProcess create_model() end ==================================
2021-08-31 20:30:14,760:INFO:Creating metrics dataframe
2021-08-31 20:30:14,792:INFO:Initializing Naive Bayes
2021-08-31 20:30:14,792:INFO:Total runtime is 0.7037588516871135 minutes
2021-08-31 20:30:14,808:INFO:SubProcess create_model() called ==================================
2021-08-31 20:30:14,808:INFO:Initializing create_model()
2021-08-31 20:30:14,808:INFO:create_model(estimator=nb, fold=StratifiedKFold(n_splits=10, random_state=None, shuffle=False), round=4, cross_validation=True, predict=True, fit_kwargs={}, groups=None, refit=False, verbose=False, system=False, metrics=None, display=<pycaret.internal.Display.Display object at 0x0000001852A61B20>, kwargs={})
2021-08-31 20:30:14,808:INFO:Checking exceptions
2021-08-31 20:30:14,808:INFO:Importing libraries
2021-08-31 20:30:14,808:INFO:Copying training dataset
2021-08-31 20:30:14,816:INFO:Defining folds
2021-08-31 20:30:14,816:INFO:Declaring metric variables
2021-08-31 20:30:14,824:INFO:Importing untrained model
2021-08-31 20:30:14,840:INFO:Naive Bayes Imported succesfully
2021-08-31 20:30:14,872:INFO:Starting cross validation
2021-08-31 20:30:14,872:INFO:Cross validating with StratifiedKFold(n_splits=10, random_state=None, shuffle=False), n_jobs=-1
2021-08-31 20:30:15,537:INFO:Calculating mean and std
2021-08-31 20:30:15,537:INFO:Creating metrics dataframe
2021-08-31 20:30:15,552:INFO:Uploading results into container
2021-08-31 20:30:15,552:INFO:Uploading model into container now
2021-08-31 20:30:15,552:INFO:create_model_container: 3
2021-08-31 20:30:15,552:INFO:master_model_container: 3
2021-08-31 20:30:15,552:INFO:display_container: 2
2021-08-31 20:30:15,552:INFO:GaussianNB(priors=None, var_smoothing=1e-09)
2021-08-31 20:30:15,552:INFO:create_model() succesfully completed......................................
2021-08-31 20:30:15,693:INFO:SubProcess create_model() end ==================================
2021-08-31 20:30:15,693:INFO:Creating metrics dataframe
2021-08-31 20:30:15,709:INFO:Initializing Decision Tree Classifier
2021-08-31 20:30:15,724:INFO:Total runtime is 0.7192977229754131 minutes
2021-08-31 20:30:15,736:INFO:SubProcess create_model() called ==================================
2021-08-31 20:30:15,736:INFO:Initializing create_model()
2021-08-31 20:30:15,736:INFO:create_model(estimator=dt, fold=StratifiedKFold(n_splits=10, random_state=None, shuffle=False), round=4, cross_validation=True, predict=True, fit_kwargs={}, groups=None, refit=False, verbose=False, system=False, metrics=None, display=<pycaret.internal.Display.Display object at 0x0000001852A61B20>, kwargs={})
2021-08-31 20:30:15,736:INFO:Checking exceptions
2021-08-31 20:30:15,736:INFO:Importing libraries
2021-08-31 20:30:15,736:INFO:Copying training dataset
2021-08-31 20:30:15,736:INFO:Defining folds
2021-08-31 20:30:15,736:INFO:Declaring metric variables
2021-08-31 20:30:15,752:INFO:Importing untrained model
2021-08-31 20:30:15,768:INFO:Decision Tree Classifier Imported succesfully
2021-08-31 20:30:15,800:INFO:Starting cross validation
2021-08-31 20:30:15,800:INFO:Cross validating with StratifiedKFold(n_splits=10, random_state=None, shuffle=False), n_jobs=-1
2021-08-31 20:30:17,185:INFO:Calculating mean and std
2021-08-31 20:30:17,185:INFO:Creating metrics dataframe
2021-08-31 20:30:17,201:INFO:Uploading results into container
2021-08-31 20:30:17,201:INFO:Uploading model into container now
2021-08-31 20:30:17,201:INFO:create_model_container: 4
2021-08-31 20:30:17,201:INFO:master_model_container: 4
2021-08-31 20:30:17,201:INFO:display_container: 2
2021-08-31 20:30:17,201:INFO:DecisionTreeClassifier(ccp_alpha=0.0, class_weight=None, criterion='gini',
                       max_depth=None, max_features=None, max_leaf_nodes=None,
                       min_impurity_decrease=0.0, min_impurity_split=None,
                       min_samples_leaf=1, min_samples_split=2,
                       min_weight_fraction_leaf=0.0, presort='deprecated',
                       random_state=8427, splitter='best')
2021-08-31 20:30:17,201:INFO:create_model() succesfully completed......................................
2021-08-31 20:30:17,341:INFO:SubProcess create_model() end ==================================
2021-08-31 20:30:17,341:INFO:Creating metrics dataframe
2021-08-31 20:30:17,373:INFO:Initializing SVM - Linear Kernel
2021-08-31 20:30:17,373:INFO:Total runtime is 0.7467698891957602 minutes
2021-08-31 20:30:17,391:INFO:SubProcess create_model() called ==================================
2021-08-31 20:30:17,391:INFO:Initializing create_model()
2021-08-31 20:30:17,391:INFO:create_model(estimator=svm, fold=StratifiedKFold(n_splits=10, random_state=None, shuffle=False), round=4, cross_validation=True, predict=True, fit_kwargs={}, groups=None, refit=False, verbose=False, system=False, metrics=None, display=<pycaret.internal.Display.Display object at 0x0000001852A61B20>, kwargs={})
2021-08-31 20:30:17,391:INFO:Checking exceptions
2021-08-31 20:30:17,391:INFO:Importing libraries
2021-08-31 20:30:17,391:INFO:Copying training dataset
2021-08-31 20:30:17,391:INFO:Defining folds
2021-08-31 20:30:17,391:INFO:Declaring metric variables
2021-08-31 20:30:17,407:INFO:Importing untrained model
2021-08-31 20:30:17,423:INFO:SVM - Linear Kernel Imported succesfully
2021-08-31 20:30:17,455:INFO:Starting cross validation
2021-08-31 20:30:17,455:INFO:Cross validating with StratifiedKFold(n_splits=10, random_state=None, shuffle=False), n_jobs=-1
2021-08-31 20:30:25,147:INFO:Calculating mean and std
2021-08-31 20:30:25,147:INFO:Creating metrics dataframe
2021-08-31 20:30:25,162:INFO:Uploading results into container
2021-08-31 20:30:25,162:INFO:Uploading model into container now
2021-08-31 20:30:25,162:INFO:create_model_container: 5
2021-08-31 20:30:25,162:INFO:master_model_container: 5
2021-08-31 20:30:25,162:INFO:display_container: 2
2021-08-31 20:30:25,178:INFO:SGDClassifier(alpha=0.0001, average=False, class_weight=None,
              early_stopping=False, epsilon=0.1, eta0=0.001, fit_intercept=True,
              l1_ratio=0.15, learning_rate='optimal', loss='hinge',
              max_iter=1000, n_iter_no_change=5, n_jobs=-1, penalty='l2',
              power_t=0.5, random_state=8427, shuffle=True, tol=0.001,
              validation_fraction=0.1, verbose=0, warm_start=False)
2021-08-31 20:30:25,178:INFO:create_model() succesfully completed......................................
2021-08-31 20:30:25,334:INFO:SubProcess create_model() end ==================================
2021-08-31 20:30:25,334:INFO:Creating metrics dataframe
2021-08-31 20:30:25,365:INFO:Initializing Ridge Classifier
2021-08-31 20:30:25,365:INFO:Total runtime is 0.8799841721852621 minutes
2021-08-31 20:30:25,378:INFO:SubProcess create_model() called ==================================
2021-08-31 20:30:25,378:INFO:Initializing create_model()
2021-08-31 20:30:25,378:INFO:create_model(estimator=ridge, fold=StratifiedKFold(n_splits=10, random_state=None, shuffle=False), round=4, cross_validation=True, predict=True, fit_kwargs={}, groups=None, refit=False, verbose=False, system=False, metrics=None, display=<pycaret.internal.Display.Display object at 0x0000001852A61B20>, kwargs={})
2021-08-31 20:30:25,378:INFO:Checking exceptions
2021-08-31 20:30:25,378:INFO:Importing libraries
2021-08-31 20:30:25,378:INFO:Copying training dataset
2021-08-31 20:30:25,386:INFO:Defining folds
2021-08-31 20:30:25,386:INFO:Declaring metric variables
2021-08-31 20:30:25,394:INFO:Importing untrained model
2021-08-31 20:30:25,410:INFO:Ridge Classifier Imported succesfully
2021-08-31 20:30:25,434:INFO:Starting cross validation
2021-08-31 20:30:25,434:INFO:Cross validating with StratifiedKFold(n_splits=10, random_state=None, shuffle=False), n_jobs=-1
2021-08-31 20:30:27,063:INFO:Calculating mean and std
2021-08-31 20:30:27,063:INFO:Creating metrics dataframe
2021-08-31 20:30:27,079:INFO:Uploading results into container
2021-08-31 20:30:27,079:INFO:Uploading model into container now
2021-08-31 20:30:27,079:INFO:create_model_container: 6
2021-08-31 20:30:27,079:INFO:master_model_container: 6
2021-08-31 20:30:27,079:INFO:display_container: 2
2021-08-31 20:30:27,079:INFO:RidgeClassifier(alpha=1.0, class_weight=None, copy_X=True, fit_intercept=True,
                max_iter=None, normalize=False, random_state=8427,
                solver='auto', tol=0.001)
2021-08-31 20:30:27,079:INFO:create_model() succesfully completed......................................
2021-08-31 20:30:27,236:INFO:SubProcess create_model() end ==================================
2021-08-31 20:30:27,236:INFO:Creating metrics dataframe
2021-08-31 20:30:27,267:INFO:Initializing Random Forest Classifier
2021-08-31 20:30:27,267:INFO:Total runtime is 0.9116713484128317 minutes
2021-08-31 20:30:27,293:INFO:SubProcess create_model() called ==================================
2021-08-31 20:30:27,293:INFO:Initializing create_model()
2021-08-31 20:30:27,293:INFO:create_model(estimator=rf, fold=StratifiedKFold(n_splits=10, random_state=None, shuffle=False), round=4, cross_validation=True, predict=True, fit_kwargs={}, groups=None, refit=False, verbose=False, system=False, metrics=None, display=<pycaret.internal.Display.Display object at 0x0000001852A61B20>, kwargs={})
2021-08-31 20:30:27,293:INFO:Checking exceptions
2021-08-31 20:30:27,293:INFO:Importing libraries
2021-08-31 20:30:27,293:INFO:Copying training dataset
2021-08-31 20:30:27,293:INFO:Defining folds
2021-08-31 20:30:27,293:INFO:Declaring metric variables
2021-08-31 20:30:27,309:INFO:Importing untrained model
2021-08-31 20:30:27,325:INFO:Random Forest Classifier Imported succesfully
2021-08-31 20:30:27,357:INFO:Starting cross validation
2021-08-31 20:30:27,357:INFO:Cross validating with StratifiedKFold(n_splits=10, random_state=None, shuffle=False), n_jobs=-1
2021-08-31 20:30:40,763:INFO:Calculating mean and std
2021-08-31 20:30:40,763:INFO:Creating metrics dataframe
2021-08-31 20:30:40,787:INFO:Uploading results into container
2021-08-31 20:30:40,787:INFO:Uploading model into container now
2021-08-31 20:30:40,787:INFO:create_model_container: 7
2021-08-31 20:30:40,787:INFO:master_model_container: 7
2021-08-31 20:30:40,787:INFO:display_container: 2
2021-08-31 20:30:40,795:INFO:RandomForestClassifier(bootstrap=True, ccp_alpha=0.0, class_weight=None,
                       criterion='gini', max_depth=None, max_features='auto',
                       max_leaf_nodes=None, max_samples=None,
                       min_impurity_decrease=0.0, min_impurity_split=None,
                       min_samples_leaf=1, min_samples_split=2,
                       min_weight_fraction_leaf=0.0, n_estimators=100,
                       n_jobs=-1, oob_score=False, random_state=8427, verbose=0,
                       warm_start=False)
2021-08-31 20:30:40,795:INFO:create_model() succesfully completed......................................
2021-08-31 20:30:40,945:INFO:SubProcess create_model() end ==================================
2021-08-31 20:30:40,945:INFO:Creating metrics dataframe
2021-08-31 20:30:40,976:INFO:Initializing Quadratic Discriminant Analysis
2021-08-31 20:30:40,976:INFO:Total runtime is 1.1401675383249918 minutes
2021-08-31 20:30:40,992:INFO:SubProcess create_model() called ==================================
2021-08-31 20:30:40,992:INFO:Initializing create_model()
2021-08-31 20:30:40,992:INFO:create_model(estimator=qda, fold=StratifiedKFold(n_splits=10, random_state=None, shuffle=False), round=4, cross_validation=True, predict=True, fit_kwargs={}, groups=None, refit=False, verbose=False, system=False, metrics=None, display=<pycaret.internal.Display.Display object at 0x0000001852A61B20>, kwargs={})
2021-08-31 20:30:40,992:INFO:Checking exceptions
2021-08-31 20:30:40,992:INFO:Importing libraries
2021-08-31 20:30:40,992:INFO:Copying training dataset
2021-08-31 20:30:40,992:INFO:Defining folds
2021-08-31 20:30:40,992:INFO:Declaring metric variables
2021-08-31 20:30:41,008:INFO:Importing untrained model
2021-08-31 20:30:41,024:INFO:Quadratic Discriminant Analysis Imported succesfully
2021-08-31 20:30:41,056:INFO:Starting cross validation
2021-08-31 20:30:41,056:INFO:Cross validating with StratifiedKFold(n_splits=10, random_state=None, shuffle=False), n_jobs=-1
2021-08-31 20:30:43,624:INFO:Calculating mean and std
2021-08-31 20:30:43,624:INFO:Creating metrics dataframe
2021-08-31 20:30:43,640:INFO:Uploading results into container
2021-08-31 20:30:43,640:INFO:Uploading model into container now
2021-08-31 20:30:43,640:INFO:create_model_container: 8
2021-08-31 20:30:43,640:INFO:master_model_container: 8
2021-08-31 20:30:43,640:INFO:display_container: 2
2021-08-31 20:30:43,640:INFO:QuadraticDiscriminantAnalysis(priors=None, reg_param=0.0,
                              store_covariance=False, tol=0.0001)
2021-08-31 20:30:43,640:INFO:create_model() succesfully completed......................................
2021-08-31 20:30:43,780:INFO:SubProcess create_model() end ==================================
2021-08-31 20:30:43,780:INFO:Creating metrics dataframe
2021-08-31 20:30:43,827:INFO:Initializing Ada Boost Classifier
2021-08-31 20:30:43,827:INFO:Total runtime is 1.187671438852946 minutes
2021-08-31 20:30:43,840:INFO:SubProcess create_model() called ==================================
2021-08-31 20:30:43,840:INFO:Initializing create_model()
2021-08-31 20:30:43,840:INFO:create_model(estimator=ada, fold=StratifiedKFold(n_splits=10, random_state=None, shuffle=False), round=4, cross_validation=True, predict=True, fit_kwargs={}, groups=None, refit=False, verbose=False, system=False, metrics=None, display=<pycaret.internal.Display.Display object at 0x0000001852A61B20>, kwargs={})
2021-08-31 20:30:43,848:INFO:Checking exceptions
2021-08-31 20:30:43,848:INFO:Importing libraries
2021-08-31 20:30:43,848:INFO:Copying training dataset
2021-08-31 20:30:43,848:INFO:Defining folds
2021-08-31 20:30:43,848:INFO:Declaring metric variables
2021-08-31 20:30:43,864:INFO:Importing untrained model
2021-08-31 20:30:43,888:INFO:Ada Boost Classifier Imported succesfully
2021-08-31 20:30:43,920:INFO:Starting cross validation
2021-08-31 20:30:43,920:INFO:Cross validating with StratifiedKFold(n_splits=10, random_state=None, shuffle=False), n_jobs=-1
2021-08-31 20:30:50,311:INFO:Calculating mean and std
2021-08-31 20:30:50,311:INFO:Creating metrics dataframe
2021-08-31 20:30:50,335:INFO:Uploading results into container
2021-08-31 20:30:50,335:INFO:Uploading model into container now
2021-08-31 20:30:50,335:INFO:create_model_container: 9
2021-08-31 20:30:50,343:INFO:master_model_container: 9
2021-08-31 20:30:50,343:INFO:display_container: 2
2021-08-31 20:30:50,343:INFO:AdaBoostClassifier(algorithm='SAMME.R', base_estimator=None, learning_rate=1.0,
                   n_estimators=50, random_state=8427)
2021-08-31 20:30:50,343:INFO:create_model() succesfully completed......................................
2021-08-31 20:30:50,462:INFO:SubProcess create_model() end ==================================
2021-08-31 20:30:50,462:INFO:Creating metrics dataframe
2021-08-31 20:30:50,493:INFO:Initializing Gradient Boosting Classifier
2021-08-31 20:30:50,493:INFO:Total runtime is 1.298776920636495 minutes
2021-08-31 20:30:50,510:INFO:SubProcess create_model() called ==================================
2021-08-31 20:30:50,510:INFO:Initializing create_model()
2021-08-31 20:30:50,510:INFO:create_model(estimator=gbc, fold=StratifiedKFold(n_splits=10, random_state=None, shuffle=False), round=4, cross_validation=True, predict=True, fit_kwargs={}, groups=None, refit=False, verbose=False, system=False, metrics=None, display=<pycaret.internal.Display.Display object at 0x0000001852A61B20>, kwargs={})
2021-08-31 20:30:50,510:INFO:Checking exceptions
2021-08-31 20:30:50,510:INFO:Importing libraries
2021-08-31 20:30:50,510:INFO:Copying training dataset
2021-08-31 20:30:50,518:INFO:Defining folds
2021-08-31 20:30:50,518:INFO:Declaring metric variables
2021-08-31 20:30:50,526:INFO:Importing untrained model
2021-08-31 20:30:50,550:INFO:Gradient Boosting Classifier Imported succesfully
2021-08-31 20:30:50,582:INFO:Starting cross validation
2021-08-31 20:30:50,582:INFO:Cross validating with StratifiedKFold(n_splits=10, random_state=None, shuffle=False), n_jobs=-1
2021-08-31 20:31:13,879:INFO:Calculating mean and std
2021-08-31 20:31:13,879:INFO:Creating metrics dataframe
2021-08-31 20:31:13,905:INFO:Uploading results into container
2021-08-31 20:31:13,905:INFO:Uploading model into container now
2021-08-31 20:31:13,905:INFO:create_model_container: 10
2021-08-31 20:31:13,905:INFO:master_model_container: 10
2021-08-31 20:31:13,905:INFO:display_container: 2
2021-08-31 20:31:13,905:INFO:GradientBoostingClassifier(ccp_alpha=0.0, criterion='friedman_mse', init=None,
                           learning_rate=0.1, loss='deviance', max_depth=3,
                           max_features=None, max_leaf_nodes=None,
                           min_impurity_decrease=0.0, min_impurity_split=None,
                           min_samples_leaf=1, min_samples_split=2,
                           min_weight_fraction_leaf=0.0, n_estimators=100,
                           n_iter_no_change=None, presort='deprecated',
                           random_state=8427, subsample=1.0, tol=0.0001,
                           validation_fraction=0.1, verbose=0,
                           warm_start=False)
2021-08-31 20:31:13,905:INFO:create_model() succesfully completed......................................
2021-08-31 20:31:14,040:INFO:SubProcess create_model() end ==================================
2021-08-31 20:31:14,040:INFO:Creating metrics dataframe
2021-08-31 20:31:14,083:INFO:Initializing Linear Discriminant Analysis
2021-08-31 20:31:14,083:INFO:Total runtime is 1.6919405619303385 minutes
2021-08-31 20:31:14,099:INFO:SubProcess create_model() called ==================================
2021-08-31 20:31:14,099:INFO:Initializing create_model()
2021-08-31 20:31:14,099:INFO:create_model(estimator=lda, fold=StratifiedKFold(n_splits=10, random_state=None, shuffle=False), round=4, cross_validation=True, predict=True, fit_kwargs={}, groups=None, refit=False, verbose=False, system=False, metrics=None, display=<pycaret.internal.Display.Display object at 0x0000001852A61B20>, kwargs={})
2021-08-31 20:31:14,099:INFO:Checking exceptions
2021-08-31 20:31:14,099:INFO:Importing libraries
2021-08-31 20:31:14,099:INFO:Copying training dataset
2021-08-31 20:31:14,107:INFO:Defining folds
2021-08-31 20:31:14,107:INFO:Declaring metric variables
2021-08-31 20:31:14,124:INFO:Importing untrained model
2021-08-31 20:31:14,140:INFO:Linear Discriminant Analysis Imported succesfully
2021-08-31 20:31:14,172:INFO:Starting cross validation
2021-08-31 20:31:14,180:INFO:Cross validating with StratifiedKFold(n_splits=10, random_state=None, shuffle=False), n_jobs=-1
2021-08-31 20:31:17,571:INFO:Calculating mean and std
2021-08-31 20:31:17,571:INFO:Creating metrics dataframe
2021-08-31 20:31:17,586:INFO:Uploading results into container
2021-08-31 20:31:17,586:INFO:Uploading model into container now
2021-08-31 20:31:17,586:INFO:create_model_container: 11
2021-08-31 20:31:17,586:INFO:master_model_container: 11
2021-08-31 20:31:17,586:INFO:display_container: 2
2021-08-31 20:31:17,586:INFO:LinearDiscriminantAnalysis(n_components=None, priors=None, shrinkage=None,
                           solver='svd', store_covariance=False, tol=0.0001)
2021-08-31 20:31:17,586:INFO:create_model() succesfully completed......................................
2021-08-31 20:31:17,754:INFO:SubProcess create_model() end ==================================
2021-08-31 20:31:17,754:INFO:Creating metrics dataframe
2021-08-31 20:31:17,794:INFO:Initializing Extra Trees Classifier
2021-08-31 20:31:17,794:INFO:Total runtime is 1.7537874380747476 minutes
2021-08-31 20:31:17,809:INFO:SubProcess create_model() called ==================================
2021-08-31 20:31:17,809:INFO:Initializing create_model()
2021-08-31 20:31:17,809:INFO:create_model(estimator=et, fold=StratifiedKFold(n_splits=10, random_state=None, shuffle=False), round=4, cross_validation=True, predict=True, fit_kwargs={}, groups=None, refit=False, verbose=False, system=False, metrics=None, display=<pycaret.internal.Display.Display object at 0x0000001852A61B20>, kwargs={})
2021-08-31 20:31:17,809:INFO:Checking exceptions
2021-08-31 20:31:17,809:INFO:Importing libraries
2021-08-31 20:31:17,809:INFO:Copying training dataset
2021-08-31 20:31:17,809:INFO:Defining folds
2021-08-31 20:31:17,809:INFO:Declaring metric variables
2021-08-31 20:31:17,825:INFO:Importing untrained model
2021-08-31 20:31:17,825:INFO:Extra Trees Classifier Imported succesfully
2021-08-31 20:31:17,857:INFO:Starting cross validation
2021-08-31 20:31:17,857:INFO:Cross validating with StratifiedKFold(n_splits=10, random_state=None, shuffle=False), n_jobs=-1
2021-08-31 20:31:36,707:INFO:Calculating mean and std
2021-08-31 20:31:36,710:INFO:Creating metrics dataframe
2021-08-31 20:31:36,718:INFO:Uploading results into container
2021-08-31 20:31:36,718:INFO:Uploading model into container now
2021-08-31 20:31:36,718:INFO:create_model_container: 12
2021-08-31 20:31:36,718:INFO:master_model_container: 12
2021-08-31 20:31:36,718:INFO:display_container: 2
2021-08-31 20:31:36,718:INFO:ExtraTreesClassifier(bootstrap=False, ccp_alpha=0.0, class_weight=None,
                     criterion='gini', max_depth=None, max_features='auto',
                     max_leaf_nodes=None, max_samples=None,
                     min_impurity_decrease=0.0, min_impurity_split=None,
                     min_samples_leaf=1, min_samples_split=2,
                     min_weight_fraction_leaf=0.0, n_estimators=100, n_jobs=-1,
                     oob_score=False, random_state=8427, verbose=0,
                     warm_start=False)
2021-08-31 20:31:36,718:INFO:create_model() succesfully completed......................................
2021-08-31 20:31:36,838:INFO:SubProcess create_model() end ==================================
2021-08-31 20:31:36,838:INFO:Creating metrics dataframe
2021-08-31 20:31:36,878:INFO:Initializing Extreme Gradient Boosting
2021-08-31 20:31:36,878:INFO:Total runtime is 2.071867593129476 minutes
2021-08-31 20:31:36,894:INFO:SubProcess create_model() called ==================================
2021-08-31 20:31:36,894:INFO:Initializing create_model()
2021-08-31 20:31:36,894:INFO:create_model(estimator=xgboost, fold=StratifiedKFold(n_splits=10, random_state=None, shuffle=False), round=4, cross_validation=True, predict=True, fit_kwargs={}, groups=None, refit=False, verbose=False, system=False, metrics=None, display=<pycaret.internal.Display.Display object at 0x0000001852A61B20>, kwargs={})
2021-08-31 20:31:36,894:INFO:Checking exceptions
2021-08-31 20:31:36,894:INFO:Importing libraries
2021-08-31 20:31:36,894:INFO:Copying training dataset
2021-08-31 20:31:36,910:INFO:Defining folds
2021-08-31 20:31:36,910:INFO:Declaring metric variables
2021-08-31 20:31:36,925:INFO:Importing untrained model
2021-08-31 20:31:36,943:INFO:Extreme Gradient Boosting Imported succesfully
2021-08-31 20:31:36,975:INFO:Starting cross validation
2021-08-31 20:31:36,975:INFO:Cross validating with StratifiedKFold(n_splits=10, random_state=None, shuffle=False), n_jobs=-1
2021-08-31 20:32:12,189:INFO:Calculating mean and std
2021-08-31 20:32:12,189:INFO:Creating metrics dataframe
2021-08-31 20:32:12,204:INFO:Uploading results into container
2021-08-31 20:32:12,204:INFO:Uploading model into container now
2021-08-31 20:32:12,204:INFO:create_model_container: 13
2021-08-31 20:32:12,204:INFO:master_model_container: 13
2021-08-31 20:32:12,204:INFO:display_container: 2
2021-08-31 20:32:12,204:INFO:XGBClassifier(base_score=None, booster='gbtree', colsample_bylevel=None,
              colsample_bynode=None, colsample_bytree=None, gamma=None,
              gpu_id=None, importance_type='gain', interaction_constraints=None,
              learning_rate=None, max_delta_step=None, max_depth=None,
              min_child_weight=None, missing=nan, monotone_constraints=None,
              n_estimators=100, n_jobs=-1, num_parallel_tree=None,
              objective='binary:logistic', random_state=8427, reg_alpha=None,
              reg_lambda=None, scale_pos_weight=None, subsample=None,
              tree_method='auto', use_label_encoder=True,
              validate_parameters=None, verbosity=0)
2021-08-31 20:32:12,204:INFO:create_model() succesfully completed......................................
2021-08-31 20:32:12,345:INFO:SubProcess create_model() end ==================================
2021-08-31 20:32:12,345:INFO:Creating metrics dataframe
2021-08-31 20:32:12,393:INFO:Initializing Light Gradient Boosting Machine
2021-08-31 20:32:12,393:INFO:Total runtime is 2.6637728452682494 minutes
2021-08-31 20:32:12,417:INFO:SubProcess create_model() called ==================================
2021-08-31 20:32:12,425:INFO:Initializing create_model()
2021-08-31 20:32:12,425:INFO:create_model(estimator=lightgbm, fold=StratifiedKFold(n_splits=10, random_state=None, shuffle=False), round=4, cross_validation=True, predict=True, fit_kwargs={}, groups=None, refit=False, verbose=False, system=False, metrics=None, display=<pycaret.internal.Display.Display object at 0x0000001852A61B20>, kwargs={})
2021-08-31 20:32:12,425:INFO:Checking exceptions
2021-08-31 20:32:12,425:INFO:Importing libraries
2021-08-31 20:32:12,425:INFO:Copying training dataset
2021-08-31 20:32:12,433:INFO:Defining folds
2021-08-31 20:32:12,433:INFO:Declaring metric variables
2021-08-31 20:32:12,457:INFO:Importing untrained model
2021-08-31 20:32:12,473:INFO:Light Gradient Boosting Machine Imported succesfully
2021-08-31 20:32:12,529:INFO:Starting cross validation
2021-08-31 20:32:12,529:INFO:Cross validating with StratifiedKFold(n_splits=10, random_state=None, shuffle=False), n_jobs=-1
2021-08-31 20:32:17,289:INFO:Calculating mean and std
2021-08-31 20:32:17,289:INFO:Creating metrics dataframe
2021-08-31 20:32:17,304:INFO:Uploading results into container
2021-08-31 20:32:17,304:INFO:Uploading model into container now
2021-08-31 20:32:17,304:INFO:create_model_container: 14
2021-08-31 20:32:17,304:INFO:master_model_container: 14
2021-08-31 20:32:17,304:INFO:display_container: 2
2021-08-31 20:32:17,320:INFO:LGBMClassifier(boosting_type='gbdt', class_weight=None, colsample_bytree=1.0,
               importance_type='split', learning_rate=0.1, max_depth=-1,
               min_child_samples=20, min_child_weight=0.001, min_split_gain=0.0,
               n_estimators=100, n_jobs=-1, num_leaves=31, objective=None,
               random_state=8427, reg_alpha=0.0, reg_lambda=0.0, silent=True,
               subsample=1.0, subsample_for_bin=200000, subsample_freq=0)
2021-08-31 20:32:17,320:INFO:create_model() succesfully completed......................................
2021-08-31 20:32:17,461:INFO:SubProcess create_model() end ==================================
2021-08-31 20:32:17,461:INFO:Creating metrics dataframe
2021-08-31 20:32:17,492:INFO:Initializing CatBoost Classifier
2021-08-31 20:32:17,492:INFO:Total runtime is 2.7487562934557594 minutes
2021-08-31 20:32:17,518:INFO:SubProcess create_model() called ==================================
2021-08-31 20:32:17,526:INFO:Initializing create_model()
2021-08-31 20:32:17,526:INFO:create_model(estimator=catboost, fold=StratifiedKFold(n_splits=10, random_state=None, shuffle=False), round=4, cross_validation=True, predict=True, fit_kwargs={}, groups=None, refit=False, verbose=False, system=False, metrics=None, display=<pycaret.internal.Display.Display object at 0x0000001852A61B20>, kwargs={})
2021-08-31 20:32:17,526:INFO:Checking exceptions
2021-08-31 20:32:17,526:INFO:Importing libraries
2021-08-31 20:32:17,526:INFO:Copying training dataset
2021-08-31 20:32:17,526:INFO:Defining folds
2021-08-31 20:32:17,526:INFO:Declaring metric variables
2021-08-31 20:32:17,542:INFO:Importing untrained model
2021-08-31 20:32:17,558:INFO:CatBoost Classifier Imported succesfully
2021-08-31 20:32:17,598:INFO:Starting cross validation
2021-08-31 20:32:18,393:INFO:Cross validating with StratifiedKFold(n_splits=10, random_state=None, shuffle=False), n_jobs=-1
2021-08-31 20:34:02,911:INFO:Calculating mean and std
2021-08-31 20:34:02,911:INFO:Creating metrics dataframe
2021-08-31 20:34:02,919:INFO:Uploading results into container
2021-08-31 20:34:02,927:INFO:Uploading model into container now
2021-08-31 20:34:02,927:INFO:create_model_container: 15
2021-08-31 20:34:02,927:INFO:master_model_container: 15
2021-08-31 20:34:02,927:INFO:display_container: 2
2021-08-31 20:34:02,927:INFO:<catboost.core.CatBoostClassifier object at 0x000000184D1CB1F0>
2021-08-31 20:34:02,927:INFO:create_model() succesfully completed......................................
2021-08-31 20:34:03,039:WARNING:create_model() for <catboost.core.CatBoostClassifier object at 0x000000184D1CB1F0> raised an exception or returned all 0.0, trying without fit_kwargs:
2021-08-31 20:34:03,063:WARNING:Traceback (most recent call last):
  File "C:\Users\usuario\anaconda3\lib\site-packages\pycaret\internal\tabular.py", line 2179, in compare_models
    assert np.sum(model_results.iloc[0]) != 0.0
AssertionError

2021-08-31 20:34:03,063:INFO:Initializing create_model()
2021-08-31 20:34:03,063:INFO:create_model(estimator=<catboost.core.CatBoostClassifier object at 0x000000184D1CB1F0>, fold=StratifiedKFold(n_splits=10, random_state=None, shuffle=False), round=4, cross_validation=True, predict=True, fit_kwargs=None, groups=None, refit=False, verbose=False, system=False, metrics=None, display=<pycaret.internal.Display.Display object at 0x0000001852A61B20>, kwargs={})
2021-08-31 20:34:03,063:INFO:Checking exceptions
2021-08-31 20:34:03,063:INFO:Importing libraries
2021-08-31 20:34:03,063:INFO:Copying training dataset
2021-08-31 20:34:03,071:INFO:Defining folds
2021-08-31 20:34:03,071:INFO:Declaring metric variables
2021-08-31 20:34:03,136:INFO:Importing untrained model
2021-08-31 20:34:03,136:INFO:Declaring custom model
2021-08-31 20:34:03,175:INFO:CatBoost Classifier Imported succesfully
2021-08-31 20:34:03,231:INFO:Starting cross validation
2021-08-31 20:34:03,231:INFO:Cross validating with StratifiedKFold(n_splits=10, random_state=None, shuffle=False), n_jobs=-1
2021-08-31 20:35:38,354:INFO:Calculating mean and std
2021-08-31 20:35:38,354:INFO:Creating metrics dataframe
2021-08-31 20:35:38,362:INFO:Uploading results into container
2021-08-31 20:35:38,362:INFO:Uploading model into container now
2021-08-31 20:35:38,362:INFO:create_model_container: 16
2021-08-31 20:35:38,362:INFO:master_model_container: 16
2021-08-31 20:35:38,362:INFO:display_container: 2
2021-08-31 20:35:38,362:INFO:<catboost.core.CatBoostClassifier object at 0x000000185290DCD0>
2021-08-31 20:35:38,362:INFO:create_model() succesfully completed......................................
2021-08-31 20:35:38,490:INFO:SubProcess create_model() end ==================================
2021-08-31 20:35:38,490:INFO:Creating metrics dataframe
2021-08-31 20:35:38,578:INFO:Initializing create_model()
2021-08-31 20:35:38,578:INFO:create_model(estimator=LGBMClassifier(boosting_type='gbdt', class_weight=None, colsample_bytree=1.0,
               importance_type='split', learning_rate=0.1, max_depth=-1,
               min_child_samples=20, min_child_weight=0.001, min_split_gain=0.0,
               n_estimators=100, n_jobs=-1, num_leaves=31, objective=None,
               random_state=8427, reg_alpha=0.0, reg_lambda=0.0, silent=True,
               subsample=1.0, subsample_for_bin=200000, subsample_freq=0), fold=StratifiedKFold(n_splits=10, random_state=None, shuffle=False), round=4, cross_validation=False, predict=False, fit_kwargs={}, groups=None, refit=True, verbose=False, system=False, metrics=None, display=None, kwargs={})
2021-08-31 20:35:38,578:INFO:Checking exceptions
2021-08-31 20:35:38,578:INFO:Importing libraries
2021-08-31 20:35:38,578:INFO:Copying training dataset
2021-08-31 20:35:38,586:INFO:Defining folds
2021-08-31 20:35:38,586:INFO:Declaring metric variables
2021-08-31 20:35:38,586:INFO:Importing untrained model
2021-08-31 20:35:38,586:INFO:Declaring custom model
2021-08-31 20:35:38,586:INFO:Light Gradient Boosting Machine Imported succesfully
2021-08-31 20:35:38,594:INFO:Cross validation set to False
2021-08-31 20:35:38,594:INFO:Fitting Model
2021-08-31 20:35:39,108:INFO:LGBMClassifier(boosting_type='gbdt', class_weight=None, colsample_bytree=1.0,
               importance_type='split', learning_rate=0.1, max_depth=-1,
               min_child_samples=20, min_child_weight=0.001, min_split_gain=0.0,
               n_estimators=100, n_jobs=-1, num_leaves=31, objective=None,
               random_state=8427, reg_alpha=0.0, reg_lambda=0.0, silent=True,
               subsample=1.0, subsample_for_bin=200000, subsample_freq=0)
2021-08-31 20:35:39,108:INFO:create_models() succesfully completed......................................
2021-08-31 20:35:39,338:INFO:create_model_container: 16
2021-08-31 20:35:39,338:INFO:master_model_container: 16
2021-08-31 20:35:39,346:INFO:display_container: 2
2021-08-31 20:35:39,346:INFO:LGBMClassifier(boosting_type='gbdt', class_weight=None, colsample_bytree=1.0,
               importance_type='split', learning_rate=0.1, max_depth=-1,
               min_child_samples=20, min_child_weight=0.001, min_split_gain=0.0,
               n_estimators=100, n_jobs=-1, num_leaves=31, objective=None,
               random_state=8427, reg_alpha=0.0, reg_lambda=0.0, silent=True,
               subsample=1.0, subsample_for_bin=200000, subsample_freq=0)
2021-08-31 20:35:39,346:INFO:compare_models() succesfully completed......................................
